[INFO ] 10-13 11:05:26  begin init server...
[INFO ] 10-13 11:05:26  load game config...
[INFO ] 10-13 11:05:26  Load Config QuestionCfg
[INFO ] 10-13 11:05:26  load spring cfg...
[INFO ] 10-13 11:05:26  Refreshing org.springframework.context.support.FileSystemXmlApplicationContext@5bcea91b: startup date [Sat Oct 13 11:05:26 CST 2018]; root of context hierarchy
[INFO ] 10-13 11:05:26  Loading XML bean definitions from file [F:\h5\server\config\application.xml]
[INFO ] 10-13 11:05:26  JSR-250 'javax.annotation.ManagedBean' found and supported for component scanning
[INFO ] 10-13 11:05:26  [jade] starting ...
[INFO ] 10-13 11:05:26  [findFiles] start to found classes folders or rosed jar files by scope:null
[INFO ] 10-13 11:05:26  [classesFolder] start to found available classes folders ...
[INFO ] 10-13 11:05:26  [classesFolder] found 1 classes folders: [/F:/h5/server/bin/[**]]
[INFO ] 10-13 11:05:26  [jarFile] start to found available jar files for rose to scanning...
[INFO ] 10-13 11:05:26  [jarFile] add jar resource: /F:/h5/server/lib/paoding-rose-jade-1.0.1.jar[applicationContext]
[INFO ] 10-13 11:05:26  [jarFile] found 1 jar files: [/F:/h5/server/lib/paoding-rose-jade-1.0.1.jar[applicationContext]]
[INFO ] 10-13 11:05:26  [findFiles] found 2 classes folders or rosed jar files : [/F:/h5/server/bin/[**], /F:/h5/server/lib/paoding-rose-jade-1.0.1.jar[applicationContext]]
[INFO ] 10-13 11:05:26  [jade] found 1 jade urls: [file:/F:/h5/server/bin/]
[INFO ] 10-13 11:05:26  [jade] call 'jade/find'
[INFO ] 10-13 11:05:26  [jade] found 1 beanDefinition from 'file:/F:/h5/server/bin/'
[INFO ] 10-13 11:05:26  [jade] exits
[INFO ] 10-13 11:05:26  Pre-instantiating singletons in org.springframework.beans.factory.support.DefaultListableBeanFactory@747ddf94: defining beans [dataSource,logerDataSource,dataSource2,logerDataSource2,eventDataSource,jade.daoProcessor,jada.dataAccessProvider,jade.expressSQLInterpreter,defaultLogoutHandler,disposeHandler,loginAfterHandler,loginHandler,questHandler,playerService,questBankService,questService,context,serverTimer,threadService,timerService,org.springframework.context.annotation.internalConfigurationAnnotationProcessor,org.springframework.context.annotation.internalAutowiredAnnotationProcessor,org.springframework.context.annotation.internalRequiredAnnotationProcessor,org.springframework.context.annotation.internalCommonAnnotationProcessor,com.game.dao.PlayerDAO]; root of factory hierarchy
[INFO ] 10-13 11:05:59  begin init server...
[INFO ] 10-13 11:05:59  load game config...
[INFO ] 10-13 11:05:59  Load Config QuestionCfg
[INFO ] 10-13 11:05:59  load spring cfg...
[INFO ] 10-13 11:05:59  Refreshing org.springframework.context.support.FileSystemXmlApplicationContext@12cdcf4: startup date [Sat Oct 13 11:05:59 CST 2018]; root of context hierarchy
[INFO ] 10-13 11:05:59  Loading XML bean definitions from file [F:\h5\server\config\application.xml]
[INFO ] 10-13 11:05:59  JSR-250 'javax.annotation.ManagedBean' found and supported for component scanning
[INFO ] 10-13 11:05:59  [jade] starting ...
[INFO ] 10-13 11:05:59  [findFiles] start to found classes folders or rosed jar files by scope:null
[INFO ] 10-13 11:05:59  [classesFolder] start to found available classes folders ...
[INFO ] 10-13 11:05:59  [classesFolder] found 1 classes folders: [/F:/h5/server/bin/[**]]
[INFO ] 10-13 11:05:59  [jarFile] start to found available jar files for rose to scanning...
[INFO ] 10-13 11:05:59  [jarFile] add jar resource: /F:/h5/server/lib/paoding-rose-jade-1.0.1.jar[applicationContext]
[INFO ] 10-13 11:05:59  [jarFile] found 1 jar files: [/F:/h5/server/lib/paoding-rose-jade-1.0.1.jar[applicationContext]]
[INFO ] 10-13 11:05:59  [findFiles] found 2 classes folders or rosed jar files : [/F:/h5/server/bin/[**], /F:/h5/server/lib/paoding-rose-jade-1.0.1.jar[applicationContext]]
[INFO ] 10-13 11:05:59  [jade] found 1 jade urls: [file:/F:/h5/server/bin/]
[INFO ] 10-13 11:05:59  [jade] call 'jade/find'
[INFO ] 10-13 11:05:59  [jade] found 1 beanDefinition from 'file:/F:/h5/server/bin/'
[INFO ] 10-13 11:05:59  [jade] exits
[INFO ] 10-13 11:05:59  Pre-instantiating singletons in org.springframework.beans.factory.support.DefaultListableBeanFactory@2f9f7dcf: defining beans [dataSource,logerDataSource,dataSource2,logerDataSource2,eventDataSource,jade.daoProcessor,jada.dataAccessProvider,jade.expressSQLInterpreter,defaultLogoutHandler,disposeHandler,loginAfterHandler,loginHandler,questHandler,playerService,questBankService,questService,context,serverTimer,threadService,timerService,org.springframework.context.annotation.internalConfigurationAnnotationProcessor,org.springframework.context.annotation.internalAutowiredAnnotationProcessor,org.springframework.context.annotation.internalRequiredAnnotationProcessor,org.springframework.context.annotation.internalCommonAnnotationProcessor,com.game.dao.PlayerDAO]; root of factory hierarchy
[INFO ] 10-13 11:07:02  receive req, [data]= Inh4eHh4eHh4eHh4eHh4eHh4eHh4eHh4eHh4eHh4eHhkZGRkZGRkZGRkZGRhZmRzZmEi,[s] = 06a277255bdacc629f2c26b642443f48,[openId] = 0,[cmd] = 1001
[INFO ] 10-13 11:07:02  {"code":"200","data":"\"ssssssssssssss\"","cmd":"1001"}
[INFO ] 10-13 11:15:31  begin init server...
[INFO ] 10-13 11:15:31  load game config...
[INFO ] 10-13 11:15:31  Load Config QuestionCfg
[INFO ] 10-13 11:15:31  load spring cfg...
[INFO ] 10-13 11:15:31  Refreshing org.springframework.context.support.FileSystemXmlApplicationContext@12cdcf4: startup date [Sat Oct 13 11:15:31 CST 2018]; root of context hierarchy
[INFO ] 10-13 11:15:31  Loading XML bean definitions from file [F:\h5\server\config\application.xml]
[INFO ] 10-13 11:15:31  JSR-250 'javax.annotation.ManagedBean' found and supported for component scanning
[INFO ] 10-13 11:15:31  [jade] starting ...
[INFO ] 10-13 11:15:31  [findFiles] start to found classes folders or rosed jar files by scope:null
[INFO ] 10-13 11:15:31  [classesFolder] start to found available classes folders ...
[INFO ] 10-13 11:15:31  [classesFolder] found 1 classes folders: [/F:/h5/server/bin/[**]]
[INFO ] 10-13 11:15:31  [jarFile] start to found available jar files for rose to scanning...
[INFO ] 10-13 11:15:31  [jarFile] add jar resource: /F:/h5/server/lib/paoding-rose-jade-1.0.1.jar[applicationContext]
[INFO ] 10-13 11:15:31  [jarFile] found 1 jar files: [/F:/h5/server/lib/paoding-rose-jade-1.0.1.jar[applicationContext]]
[INFO ] 10-13 11:15:31  [findFiles] found 2 classes folders or rosed jar files : [/F:/h5/server/bin/[**], /F:/h5/server/lib/paoding-rose-jade-1.0.1.jar[applicationContext]]
[INFO ] 10-13 11:15:31  [jade] found 1 jade urls: [file:/F:/h5/server/bin/]
[INFO ] 10-13 11:15:31  [jade] call 'jade/find'
[INFO ] 10-13 11:15:31  [jade] found 1 beanDefinition from 'file:/F:/h5/server/bin/'
[INFO ] 10-13 11:15:31  [jade] exits
[INFO ] 10-13 11:15:31  Pre-instantiating singletons in org.springframework.beans.factory.support.DefaultListableBeanFactory@2f9f7dcf: defining beans [dataSource,logerDataSource,dataSource2,logerDataSource2,eventDataSource,jade.daoProcessor,jada.dataAccessProvider,jade.expressSQLInterpreter,defaultLogoutHandler,disposeHandler,loginAfterHandler,loginHandler,questHandler,playerService,questBankService,questService,context,serverTimer,threadService,timerService,org.springframework.context.annotation.internalConfigurationAnnotationProcessor,org.springframework.context.annotation.internalAutowiredAnnotationProcessor,org.springframework.context.annotation.internalRequiredAnnotationProcessor,org.springframework.context.annotation.internalCommonAnnotationProcessor,com.game.dao.PlayerDAO]; root of factory hierarchy
[INFO ] 10-13 11:20:47  begin init server...
[INFO ] 10-13 11:20:47  load game config...
[INFO ] 10-13 11:20:47  Load Config QuestionCfg
[INFO ] 10-13 11:20:47  load spring cfg...
[INFO ] 10-13 11:20:47  Refreshing org.springframework.context.support.FileSystemXmlApplicationContext@12cdcf4: startup date [Sat Oct 13 11:20:47 CST 2018]; root of context hierarchy
[INFO ] 10-13 11:20:47  Loading XML bean definitions from file [F:\h5\server\config\application.xml]
[INFO ] 10-13 11:20:47  JSR-250 'javax.annotation.ManagedBean' found and supported for component scanning
[INFO ] 10-13 11:20:47  [jade] starting ...
[INFO ] 10-13 11:20:47  [findFiles] start to found classes folders or rosed jar files by scope:null
[INFO ] 10-13 11:20:47  [classesFolder] start to found available classes folders ...
[INFO ] 10-13 11:20:47  [classesFolder] found 1 classes folders: [/F:/h5/server/bin/[**]]
[INFO ] 10-13 11:20:47  [jarFile] start to found available jar files for rose to scanning...
[INFO ] 10-13 11:20:47  [jarFile] add jar resource: /F:/h5/server/lib/paoding-rose-jade-1.0.1.jar[applicationContext]
[INFO ] 10-13 11:20:47  [jarFile] found 1 jar files: [/F:/h5/server/lib/paoding-rose-jade-1.0.1.jar[applicationContext]]
[INFO ] 10-13 11:20:47  [findFiles] found 2 classes folders or rosed jar files : [/F:/h5/server/bin/[**], /F:/h5/server/lib/paoding-rose-jade-1.0.1.jar[applicationContext]]
[INFO ] 10-13 11:20:47  [jade] found 1 jade urls: [file:/F:/h5/server/bin/]
[INFO ] 10-13 11:20:47  [jade] call 'jade/find'
[INFO ] 10-13 11:20:47  [jade] found 1 beanDefinition from 'file:/F:/h5/server/bin/'
[INFO ] 10-13 11:20:47  [jade] exits
[INFO ] 10-13 11:20:47  Pre-instantiating singletons in org.springframework.beans.factory.support.DefaultListableBeanFactory@2f9f7dcf: defining beans [dataSource,logerDataSource,dataSource2,logerDataSource2,eventDataSource,jade.daoProcessor,jada.dataAccessProvider,jade.expressSQLInterpreter,defaultLogoutHandler,disposeHandler,loginAfterHandler,loginHandler,questHandler,playerService,questBankService,questService,context,serverTimer,threadService,timerService,org.springframework.context.annotation.internalConfigurationAnnotationProcessor,org.springframework.context.annotation.internalAutowiredAnnotationProcessor,org.springframework.context.annotation.internalRequiredAnnotationProcessor,org.springframework.context.annotation.internalCommonAnnotationProcessor,com.game.dao.PlayerDAO]; root of factory hierarchy
[INFO ] 10-13 16:20:54  begin init server...
[INFO ] 10-13 16:20:54  load game config...
[INFO ] 10-13 16:20:55  Load Config QuestionCfg
[INFO ] 10-13 16:20:55  load spring cfg...
[INFO ] 10-13 16:20:55  Refreshing org.springframework.context.support.FileSystemXmlApplicationContext@12cdcf4: startup date [Sat Oct 13 16:20:55 CST 2018]; root of context hierarchy
[INFO ] 10-13 16:20:55  Loading XML bean definitions from file [F:\h5\server\config\application.xml]
[INFO ] 10-13 16:20:55  JSR-250 'javax.annotation.ManagedBean' found and supported for component scanning
[INFO ] 10-13 16:20:55  [jade] starting ...
[INFO ] 10-13 16:20:55  [findFiles] start to found classes folders or rosed jar files by scope:null
[INFO ] 10-13 16:20:55  [classesFolder] start to found available classes folders ...
[INFO ] 10-13 16:20:55  [classesFolder] found 1 classes folders: [/F:/h5/server/bin/[**]]
[INFO ] 10-13 16:20:55  [jarFile] start to found available jar files for rose to scanning...
[INFO ] 10-13 16:20:55  [jarFile] add jar resource: /F:/h5/server/lib/paoding-rose-jade-1.0.1.jar[applicationContext]
[INFO ] 10-13 16:20:55  [jarFile] found 1 jar files: [/F:/h5/server/lib/paoding-rose-jade-1.0.1.jar[applicationContext]]
[INFO ] 10-13 16:20:55  [findFiles] found 2 classes folders or rosed jar files : [/F:/h5/server/bin/[**], /F:/h5/server/lib/paoding-rose-jade-1.0.1.jar[applicationContext]]
[INFO ] 10-13 16:20:55  [jade] found 1 jade urls: [file:/F:/h5/server/bin/]
[INFO ] 10-13 16:20:55  [jade] call 'jade/find'
[INFO ] 10-13 16:20:55  [jade] found 1 beanDefinition from 'file:/F:/h5/server/bin/'
[INFO ] 10-13 16:20:55  [jade] exits
[INFO ] 10-13 16:20:55  Pre-instantiating singletons in org.springframework.beans.factory.support.DefaultListableBeanFactory@2f9f7dcf: defining beans [dataSource,logerDataSource,dataSource2,logerDataSource2,eventDataSource,jade.daoProcessor,jada.dataAccessProvider,jade.expressSQLInterpreter,defaultLogoutHandler,disposeHandler,loginAfterHandler,loginHandler,playerHandler,questHandler,playerService,questBankService,questService,context,serverTimer,threadService,timerService,org.springframework.context.annotation.internalConfigurationAnnotationProcessor,org.springframework.context.annotation.internalAutowiredAnnotationProcessor,org.springframework.context.annotation.internalRequiredAnnotationProcessor,org.springframework.context.annotation.internalCommonAnnotationProcessor,com.game.dao.PlayerDAO]; root of factory hierarchy
[INFO ] 10-13 16:21:38  begin init server...
[INFO ] 10-13 16:21:38  load game config...
[INFO ] 10-13 16:21:38  Load Config QuestionCfg
[INFO ] 10-13 16:21:38  load spring cfg...
[INFO ] 10-13 16:21:38  Refreshing org.springframework.context.support.FileSystemXmlApplicationContext@12cdcf4: startup date [Sat Oct 13 16:21:38 CST 2018]; root of context hierarchy
[INFO ] 10-13 16:21:38  Loading XML bean definitions from file [F:\h5\server\config\application.xml]
[INFO ] 10-13 16:21:39  JSR-250 'javax.annotation.ManagedBean' found and supported for component scanning
[INFO ] 10-13 16:21:39  [jade] starting ...
[INFO ] 10-13 16:21:39  [findFiles] start to found classes folders or rosed jar files by scope:null
[INFO ] 10-13 16:21:39  [classesFolder] start to found available classes folders ...
[INFO ] 10-13 16:21:39  [classesFolder] found 1 classes folders: [/F:/h5/server/bin/[**]]
[INFO ] 10-13 16:21:39  [jarFile] start to found available jar files for rose to scanning...
[INFO ] 10-13 16:21:39  [jarFile] add jar resource: /F:/h5/server/lib/paoding-rose-jade-1.0.1.jar[applicationContext]
[INFO ] 10-13 16:21:39  [jarFile] found 1 jar files: [/F:/h5/server/lib/paoding-rose-jade-1.0.1.jar[applicationContext]]
[INFO ] 10-13 16:21:39  [findFiles] found 2 classes folders or rosed jar files : [/F:/h5/server/bin/[**], /F:/h5/server/lib/paoding-rose-jade-1.0.1.jar[applicationContext]]
[INFO ] 10-13 16:21:39  [jade] found 1 jade urls: [file:/F:/h5/server/bin/]
[INFO ] 10-13 16:21:39  [jade] call 'jade/find'
[INFO ] 10-13 16:21:39  [jade] found 1 beanDefinition from 'file:/F:/h5/server/bin/'
[INFO ] 10-13 16:21:39  [jade] exits
[INFO ] 10-13 16:21:39  Pre-instantiating singletons in org.springframework.beans.factory.support.DefaultListableBeanFactory@2f9f7dcf: defining beans [dataSource,logerDataSource,dataSource2,logerDataSource2,eventDataSource,jade.daoProcessor,jada.dataAccessProvider,jade.expressSQLInterpreter,defaultLogoutHandler,disposeHandler,loginAfterHandler,loginHandler,playerHandler,questHandler,playerService,questBankService,questService,context,serverTimer,threadService,timerService,org.springframework.context.annotation.internalConfigurationAnnotationProcessor,org.springframework.context.annotation.internalAutowiredAnnotationProcessor,org.springframework.context.annotation.internalRequiredAnnotationProcessor,org.springframework.context.annotation.internalCommonAnnotationProcessor,com.game.dao.PlayerDAO]; root of factory hierarchy
[INFO ] 10-13 16:22:47  begin init server...
[INFO ] 10-13 16:22:47  load game config...
[INFO ] 10-13 16:22:47  Load Config QuestionCfg
[INFO ] 10-13 16:22:47  load spring cfg...
[INFO ] 10-13 16:22:47  Refreshing org.springframework.context.support.FileSystemXmlApplicationContext@12cdcf4: startup date [Sat Oct 13 16:22:47 CST 2018]; root of context hierarchy
[INFO ] 10-13 16:22:47  Loading XML bean definitions from file [F:\h5\server\config\application.xml]
[INFO ] 10-13 16:22:47  JSR-250 'javax.annotation.ManagedBean' found and supported for component scanning
[INFO ] 10-13 16:22:47  [jade] starting ...
[INFO ] 10-13 16:22:47  [findFiles] start to found classes folders or rosed jar files by scope:null
[INFO ] 10-13 16:22:47  [classesFolder] start to found available classes folders ...
[INFO ] 10-13 16:22:47  [classesFolder] found 1 classes folders: [/F:/h5/server/bin/[**]]
[INFO ] 10-13 16:22:47  [jarFile] start to found available jar files for rose to scanning...
[INFO ] 10-13 16:22:47  [jarFile] add jar resource: /F:/h5/server/lib/paoding-rose-jade-1.0.1.jar[applicationContext]
[INFO ] 10-13 16:22:47  [jarFile] found 1 jar files: [/F:/h5/server/lib/paoding-rose-jade-1.0.1.jar[applicationContext]]
[INFO ] 10-13 16:22:47  [findFiles] found 2 classes folders or rosed jar files : [/F:/h5/server/bin/[**], /F:/h5/server/lib/paoding-rose-jade-1.0.1.jar[applicationContext]]
[INFO ] 10-13 16:22:47  [jade] found 1 jade urls: [file:/F:/h5/server/bin/]
[INFO ] 10-13 16:22:47  [jade] call 'jade/find'
[INFO ] 10-13 16:22:47  [jade] found 1 beanDefinition from 'file:/F:/h5/server/bin/'
[INFO ] 10-13 16:22:47  [jade] exits
[INFO ] 10-13 16:22:47  Pre-instantiating singletons in org.springframework.beans.factory.support.DefaultListableBeanFactory@2f9f7dcf: defining beans [dataSource,logerDataSource,dataSource2,logerDataSource2,eventDataSource,jade.daoProcessor,jada.dataAccessProvider,jade.expressSQLInterpreter,defaultLogoutHandler,disposeHandler,loginAfterHandler,loginHandler,playerHandler,questHandler,playerService,questBankService,questService,context,serverTimer,threadService,timerService,org.springframework.context.annotation.internalConfigurationAnnotationProcessor,org.springframework.context.annotation.internalAutowiredAnnotationProcessor,org.springframework.context.annotation.internalRequiredAnnotationProcessor,org.springframework.context.annotation.internalCommonAnnotationProcessor,com.game.dao.PlayerDAO]; root of factory hierarchy
[INFO ] 10-13 16:23:21  receive req, [data]= e30=,[s] = f2a8bee8a8f38f803a5c42a3b564db3a,[openId] = 35,[cmd] = 1001
[INFO ] 10-13 16:23:22  using rowMapper net.paoding.rose.jade.core.BeanPropertyRowMapper@3e172fef for com.game.dao.PlayerDAO#queryPlayer
[INFO ] 10-13 16:23:22  Loading XML bean definitions from class path resource [org/springframework/jdbc/support/sql-error-codes.xml]
[INFO ] 10-13 16:23:22  SQLErrorCodes loaded: [DB2, Derby, H2, HSQL, Informix, MS-SQL, MySQL, Oracle, PostgreSQL, Sybase]
[INFO ] 10-13 16:23:22  {"code":"501","data":"","cmd":"0"}
[INFO ] 10-13 16:24:13  begin init server...
[INFO ] 10-13 16:24:13  load game config...
[INFO ] 10-13 16:24:13  Load Config QuestionCfg
[INFO ] 10-13 16:24:13  load spring cfg...
[INFO ] 10-13 16:24:13  Refreshing org.springframework.context.support.FileSystemXmlApplicationContext@12cdcf4: startup date [Sat Oct 13 16:24:13 CST 2018]; root of context hierarchy
[INFO ] 10-13 16:24:13  Loading XML bean definitions from file [F:\h5\server\config\application.xml]
[INFO ] 10-13 16:24:13  JSR-250 'javax.annotation.ManagedBean' found and supported for component scanning
[INFO ] 10-13 16:24:14  [jade] starting ...
[INFO ] 10-13 16:24:14  [findFiles] start to found classes folders or rosed jar files by scope:null
[INFO ] 10-13 16:24:14  [classesFolder] start to found available classes folders ...
[INFO ] 10-13 16:24:14  [classesFolder] found 1 classes folders: [/F:/h5/server/bin/[**]]
[INFO ] 10-13 16:24:14  [jarFile] start to found available jar files for rose to scanning...
[INFO ] 10-13 16:24:14  [jarFile] add jar resource: /F:/h5/server/lib/paoding-rose-jade-1.0.1.jar[applicationContext]
[INFO ] 10-13 16:24:14  [jarFile] found 1 jar files: [/F:/h5/server/lib/paoding-rose-jade-1.0.1.jar[applicationContext]]
[INFO ] 10-13 16:24:14  [findFiles] found 2 classes folders or rosed jar files : [/F:/h5/server/bin/[**], /F:/h5/server/lib/paoding-rose-jade-1.0.1.jar[applicationContext]]
[INFO ] 10-13 16:24:14  [jade] found 1 jade urls: [file:/F:/h5/server/bin/]
[INFO ] 10-13 16:24:14  [jade] call 'jade/find'
[INFO ] 10-13 16:24:14  [jade] found 1 beanDefinition from 'file:/F:/h5/server/bin/'
[INFO ] 10-13 16:24:14  [jade] exits
[INFO ] 10-13 16:24:14  Pre-instantiating singletons in org.springframework.beans.factory.support.DefaultListableBeanFactory@2f9f7dcf: defining beans [dataSource,logerDataSource,dataSource2,logerDataSource2,eventDataSource,jade.daoProcessor,jada.dataAccessProvider,jade.expressSQLInterpreter,defaultLogoutHandler,disposeHandler,loginAfterHandler,loginHandler,playerHandler,questHandler,playerService,questBankService,questService,context,serverTimer,threadService,timerService,org.springframework.context.annotation.internalConfigurationAnnotationProcessor,org.springframework.context.annotation.internalAutowiredAnnotationProcessor,org.springframework.context.annotation.internalRequiredAnnotationProcessor,org.springframework.context.annotation.internalCommonAnnotationProcessor,com.game.dao.PlayerDAO]; root of factory hierarchy
[INFO ] 10-13 16:24:41  receive req, [data]= e30=,[s] = f2a8bee8a8f38f803a5c42a3b564db3a,[openId] = 54,[cmd] = 1001
[INFO ] 10-13 16:24:42  using rowMapper net.paoding.rose.jade.core.BeanPropertyRowMapper@6ea44bbd for com.game.dao.PlayerDAO#queryPlayer
[INFO ] 10-13 16:24:42  send data ==> {"code":"200","data":"{\"openId\":null,\"hasRole\":false}"}
[INFO ] 10-13 16:24:42  {"code":"200","data":"{\"openId\":null,\"hasRole\":false}","cmd":"1001"}
[INFO ] 10-13 16:24:42  receive req, [data]= eyJuaWNrTmFtZSI6Iua1i+ivlTU0In0=,[s] = 8583bcc94e60de08fce4f6b965460127,[openId] = 54,[cmd] = 1002
[INFO ] 10-13 16:24:42  {"code":"501","data":"","cmd":"0"}
[INFO ] 10-13 16:26:40  begin init server...
[INFO ] 10-13 16:26:40  load game config...
[INFO ] 10-13 16:26:40  Load Config QuestionCfg
[INFO ] 10-13 16:26:40  load spring cfg...
[INFO ] 10-13 16:26:40  Refreshing org.springframework.context.support.FileSystemXmlApplicationContext@12cdcf4: startup date [Sat Oct 13 16:26:40 CST 2018]; root of context hierarchy
[INFO ] 10-13 16:26:40  Loading XML bean definitions from file [F:\h5\server\config\application.xml]
[INFO ] 10-13 16:26:40  JSR-250 'javax.annotation.ManagedBean' found and supported for component scanning
[INFO ] 10-13 16:26:40  [jade] starting ...
[INFO ] 10-13 16:26:40  [findFiles] start to found classes folders or rosed jar files by scope:null
[INFO ] 10-13 16:26:40  [classesFolder] start to found available classes folders ...
[INFO ] 10-13 16:26:40  [classesFolder] found 1 classes folders: [/F:/h5/server/bin/[**]]
[INFO ] 10-13 16:26:40  [jarFile] start to found available jar files for rose to scanning...
[INFO ] 10-13 16:26:40  [jarFile] add jar resource: /F:/h5/server/lib/paoding-rose-jade-1.0.1.jar[applicationContext]
[INFO ] 10-13 16:26:40  [jarFile] found 1 jar files: [/F:/h5/server/lib/paoding-rose-jade-1.0.1.jar[applicationContext]]
[INFO ] 10-13 16:26:40  [findFiles] found 2 classes folders or rosed jar files : [/F:/h5/server/bin/[**], /F:/h5/server/lib/paoding-rose-jade-1.0.1.jar[applicationContext]]
[INFO ] 10-13 16:26:40  [jade] found 1 jade urls: [file:/F:/h5/server/bin/]
[INFO ] 10-13 16:26:40  [jade] call 'jade/find'
[INFO ] 10-13 16:26:40  [jade] found 1 beanDefinition from 'file:/F:/h5/server/bin/'
[INFO ] 10-13 16:26:40  [jade] exits
[INFO ] 10-13 16:26:40  Pre-instantiating singletons in org.springframework.beans.factory.support.DefaultListableBeanFactory@2f9f7dcf: defining beans [dataSource,logerDataSource,dataSource2,logerDataSource2,eventDataSource,jade.daoProcessor,jada.dataAccessProvider,jade.expressSQLInterpreter,defaultLogoutHandler,disposeHandler,loginAfterHandler,loginHandler,playerHandler,questHandler,playerService,questBankService,questService,context,serverTimer,threadService,timerService,org.springframework.context.annotation.internalConfigurationAnnotationProcessor,org.springframework.context.annotation.internalAutowiredAnnotationProcessor,org.springframework.context.annotation.internalRequiredAnnotationProcessor,org.springframework.context.annotation.internalCommonAnnotationProcessor,com.game.dao.PlayerDAO]; root of factory hierarchy
[INFO ] 10-13 16:26:56  receive req, [data]= e30=,[s] = f2a8bee8a8f38f803a5c42a3b564db3a,[openId] = 47,[cmd] = 1001
[INFO ] 10-13 16:26:56  using rowMapper net.paoding.rose.jade.core.BeanPropertyRowMapper@36fa89b7 for com.game.dao.PlayerDAO#queryPlayer
[INFO ] 10-13 16:26:57  send data ==> {"code":"200","data":"{\"openId\":null,\"hasRole\":false}"}
[INFO ] 10-13 16:26:57  {"code":"200","data":"{\"openId\":null,\"hasRole\":false}","cmd":"1001"}
[INFO ] 10-13 16:26:57  receive req, [data]= eyJuaWNrTmFtZSI6Iua1i+ivlTQ3In0=,[s] = 987ec7bae78da10be3fe419a505f9632,[openId] = 47,[cmd] = 1002
[INFO ] 10-13 16:26:57  Cache loaded for 47
[INFO ] 10-13 16:26:57  {"code":"501","data":"","cmd":"0"}
[INFO ] 10-13 16:29:55  receive req, [data]= e30=,[s] = f2a8bee8a8f38f803a5c42a3b564db3a,[openId] = 34,[cmd] = 1001
[INFO ] 10-13 16:29:55  send data ==> {"code":"200","data":"{\"openId\":null,\"hasRole\":false}"}
[INFO ] 10-13 16:29:55  {"code":"200","data":"{\"openId\":null,\"hasRole\":false}","cmd":"1001"}
[INFO ] 10-13 16:29:55  receive req, [data]= eyJuaWNrTmFtZSI6Iua1i+ivlTM0In0=,[s] = a0640321c56bac7d11c9d57aa7a15269,[openId] = 34,[cmd] = 1002
[INFO ] 10-13 16:30:21  Cache loaded for 34
[INFO ] 10-13 16:30:27  {"code":"501","data":"","cmd":"0"}
[INFO ] 10-13 16:42:36  begin init server...
[INFO ] 10-13 16:42:36  load game config...
[INFO ] 10-13 16:42:36  Load Config QuestionCfg
[INFO ] 10-13 16:42:36  load spring cfg...
[INFO ] 10-13 16:42:36  Refreshing org.springframework.context.support.FileSystemXmlApplicationContext@12cdcf4: startup date [Sat Oct 13 16:42:36 CST 2018]; root of context hierarchy
[INFO ] 10-13 16:42:36  Loading XML bean definitions from file [F:\h5\server\config\application.xml]
[INFO ] 10-13 16:42:36  JSR-250 'javax.annotation.ManagedBean' found and supported for component scanning
[INFO ] 10-13 16:42:36  [jade] starting ...
[INFO ] 10-13 16:42:36  [findFiles] start to found classes folders or rosed jar files by scope:null
[INFO ] 10-13 16:42:36  [classesFolder] start to found available classes folders ...
[INFO ] 10-13 16:42:36  [classesFolder] found 1 classes folders: [/F:/h5/server/bin/[**]]
[INFO ] 10-13 16:42:36  [jarFile] start to found available jar files for rose to scanning...
[INFO ] 10-13 16:42:36  [jarFile] add jar resource: /F:/h5/server/lib/paoding-rose-jade-1.0.1.jar[applicationContext]
[INFO ] 10-13 16:42:36  [jarFile] found 1 jar files: [/F:/h5/server/lib/paoding-rose-jade-1.0.1.jar[applicationContext]]
[INFO ] 10-13 16:42:36  [findFiles] found 2 classes folders or rosed jar files : [/F:/h5/server/bin/[**], /F:/h5/server/lib/paoding-rose-jade-1.0.1.jar[applicationContext]]
[INFO ] 10-13 16:42:36  [jade] found 1 jade urls: [file:/F:/h5/server/bin/]
[INFO ] 10-13 16:42:36  [jade] call 'jade/find'
[INFO ] 10-13 16:42:36  [jade] found 1 beanDefinition from 'file:/F:/h5/server/bin/'
[INFO ] 10-13 16:42:36  [jade] exits
[INFO ] 10-13 16:42:37  Pre-instantiating singletons in org.springframework.beans.factory.support.DefaultListableBeanFactory@2f9f7dcf: defining beans [dataSource,logerDataSource,dataSource2,logerDataSource2,eventDataSource,jade.daoProcessor,jada.dataAccessProvider,jade.expressSQLInterpreter,defaultLogoutHandler,disposeHandler,loginAfterHandler,loginHandler,playerHandler,questHandler,playerService,questBankService,questService,context,serverTimer,threadService,timerService,org.springframework.context.annotation.internalConfigurationAnnotationProcessor,org.springframework.context.annotation.internalAutowiredAnnotationProcessor,org.springframework.context.annotation.internalRequiredAnnotationProcessor,org.springframework.context.annotation.internalCommonAnnotationProcessor,com.game.dao.PlayerDAO]; root of factory hierarchy
[INFO ] 10-13 16:42:59  begin init server...
[INFO ] 10-13 16:42:59  load game config...
[INFO ] 10-13 16:42:59  Load Config QuestionCfg
[INFO ] 10-13 16:42:59  load spring cfg...
[INFO ] 10-13 16:43:00  Refreshing org.springframework.context.support.FileSystemXmlApplicationContext@12cdcf4: startup date [Sat Oct 13 16:43:00 CST 2018]; root of context hierarchy
[INFO ] 10-13 16:43:00  Loading XML bean definitions from file [F:\h5\server\config\application.xml]
[INFO ] 10-13 16:43:00  JSR-250 'javax.annotation.ManagedBean' found and supported for component scanning
[INFO ] 10-13 16:43:00  [jade] starting ...
[INFO ] 10-13 16:43:00  [findFiles] start to found classes folders or rosed jar files by scope:null
[INFO ] 10-13 16:43:00  [classesFolder] start to found available classes folders ...
[INFO ] 10-13 16:43:00  [classesFolder] found 1 classes folders: [/F:/h5/server/bin/[**]]
[INFO ] 10-13 16:43:00  [jarFile] start to found available jar files for rose to scanning...
[INFO ] 10-13 16:43:00  [jarFile] add jar resource: /F:/h5/server/lib/paoding-rose-jade-1.0.1.jar[applicationContext]
[INFO ] 10-13 16:43:00  [jarFile] found 1 jar files: [/F:/h5/server/lib/paoding-rose-jade-1.0.1.jar[applicationContext]]
[INFO ] 10-13 16:43:00  [findFiles] found 2 classes folders or rosed jar files : [/F:/h5/server/bin/[**], /F:/h5/server/lib/paoding-rose-jade-1.0.1.jar[applicationContext]]
[INFO ] 10-13 16:43:00  [jade] found 1 jade urls: [file:/F:/h5/server/bin/]
[INFO ] 10-13 16:43:00  [jade] call 'jade/find'
[INFO ] 10-13 16:43:00  [jade] found 1 beanDefinition from 'file:/F:/h5/server/bin/'
[INFO ] 10-13 16:43:00  [jade] exits
[INFO ] 10-13 16:43:00  Pre-instantiating singletons in org.springframework.beans.factory.support.DefaultListableBeanFactory@2f9f7dcf: defining beans [dataSource,logerDataSource,dataSource2,logerDataSource2,eventDataSource,jade.daoProcessor,jada.dataAccessProvider,jade.expressSQLInterpreter,defaultLogoutHandler,disposeHandler,loginAfterHandler,loginHandler,playerHandler,questHandler,playerService,questBankService,questService,context,serverTimer,threadService,timerService,org.springframework.context.annotation.internalConfigurationAnnotationProcessor,org.springframework.context.annotation.internalAutowiredAnnotationProcessor,org.springframework.context.annotation.internalRequiredAnnotationProcessor,org.springframework.context.annotation.internalCommonAnnotationProcessor,com.game.dao.PlayerDAO]; root of factory hierarchy
